<?xml version="1.0" encoding="UTF-8"?>
<testng-results ignored="0" total="2" passed="2" failed="0" skipped="0">
  <reporter-output>
  </reporter-output>
  <suite started-at="2023-07-21T22:41:29 AST" name="SuiteAPI" finished-at="2023-07-21T22:41:44 AST" duration-ms="14679">
    <groups>
    </groups>
    <test started-at="2023-07-21T22:41:29 AST" name="TestAPI" finished-at="2023-07-21T22:41:44 AST" duration-ms="14679">
      <class name="api.test.UserTests_prop">
        <test-method is-config="true" signature="setUpData()[pri:0, instance:api.test.UserTests_prop@57a3af25]" started-at="2023-07-21T22:41:31 AST" name="setUpData" finished-at="2023-07-21T22:41:31 AST" duration-ms="364" status="PASS">
          <reporter-output>
          </reporter-output>
        </test-method> <!-- setUpData -->
        <test-method signature="testAdvanceSearch()[pri:0, instance:api.test.UserTests_prop@57a3af25]" started-at="2023-07-21T22:41:31 AST" name="testAdvanceSearch" finished-at="2023-07-21T22:41:44 AST" duration-ms="12550" status="PASS">
          <reporter-output>
          </reporter-output>
        </test-method> <!-- testAdvanceSearch -->
        <test-method signature="testGetCurrencyList()[pri:0, instance:api.test.UserTests_prop@57a3af25]" started-at="2023-07-21T22:41:44 AST" name="testGetCurrencyList" finished-at="2023-07-21T22:41:44 AST" duration-ms="198" status="PASS">
          <reporter-output>
          </reporter-output>
        </test-method> <!-- testGetCurrencyList -->
      </class> <!-- api.test.UserTests_prop -->
    </test> <!-- TestAPI -->
  </suite> <!-- SuiteAPI -->
</testng-results>
