<?xml version="1.0" encoding="UTF-8"?>
<testsuite xmlns:xsi="http://www.w3.org/2001/XMLSchema-instance" xsi:noNamespaceSchemaLocation="https://maven.apache.org/surefire/maven-surefire-plugin/xsd/surefire-test-report-3.0.xsd" version="3.0" name="TestSuite" time="17.074" tests="2" errors="0" skipped="0" failures="0">
  <properties>
[...]
</properties>
  <testcase name="testAdvanceSearch" classname="api.test.UserTests_prop" time="12.546">
    <system-out><![CDATA[HTTP/1.1 200 OK
Date: Fri, 21 Jul 2023 19:41:43 GMT
Content-Type: application/json
Transfer-Encoding: chunked
Connection: keep-alive
X-Real-IP: 37.220.114.106
CF-Ray: 7ea5ec4c3c2fce0b-AMM
CF-Cache-Status: DYNAMIC
Content-Encoding: gzip
Strict-Transport-Security: max-age=15552000; includeSubDomains; preload
Vary: origin,access-control-request-method,access-control-request-headers,accept-encoding
Content-Security-Policy: upgrade-insecure-requests; base-uri 'self'; object-src 'self'; frame-ancestors https://almosafer.com https://*.almosafer.com https://z2.le.liveperson.net;
Referrer-Policy: no-referrer-when-downgrade
spanId: 872b91c0c0c21a59
traceId: 872b91c0c0c21a59
X-Content-Type-Options: nosniff
x-env-type: prod
X-GeoIP-City: Irbid
X-GeoIP-Country: Jordan
X-GeoIP-Country-Code: JO
X-GeoIP-Region: Irbid
x-real-client-ip: 37.220.114.106
X-XSS-Protection: 1; mode=block
Set-Cookie: __cf_bm=B6vBr3aiUdvrcp20uzT_rPIWRlsZmIpqLLyOpepMf3I-1689968503-0-AX6zIoDMaha8dQx57IPyd+F3tE5pJKUuSLzGnBDnxhVW2/qbIJOsf/Y3cDsHcGgg0C52P896iTA+lT0HAsxPsSY=; path=/; expires=Fri, 21-Jul-23 20:11:43 GMT; domain=.almosafer.com; HttpOnly; Secure; SameSite=None
Server: cloudflare
alt-svc: h3=":443"; ma=86400

{
    "searchId": "PROPERTY_SR-31994",
    "searchIdExpiry": 1689971774354,
    "totalCount": 178,
    "pageNo": 1,
    "pageSize": 5,
    "currencyCode": "SAR",
    "properties": [
        {
            "id": 1350,
            "nameAr": "شاليه مذهل مع مسبح",
            "nameEn": "Spectacular Chalet with Pool",
            "priceDetail": {
                "discount": {
                    "source": "markup_discount",
                    "name": "DISCOUNT15",
                    "percentage": "15",
                    "discountBreakdown": [
                        {
                            "source": "markup_discount",
                            "name": "DISCOUNT15",
                            "percentage": "15"
                        }
                    ]
                },
                "hostPreApprovalRequired": false,
                "seasonalPrices": [
                    
                ],
                "dailyPrices": [
                    
                ],
                "currency": "SAR",
                "unitCancellationPolicies": [
                    
                ]
            },
            "thumbnailImageUrl": "https://c2c-images-prod.s3.eu-west-1.amazonaws.com/4a0c0e54-320f-4707-80b3-01ca83994d5b.jpeg",
            "location": {
                "countryCode": "SA",
                "regionId": 1,
                "cityId": 9,
                "areaId": 103,
                "addressEn": "Al Manakh",
                "addressAr": "المناخ",
                "latitude": 24.6234840290412,
                "longitude": 46.7940652779218
            },
            "propertyTypeId": 8,
            "amenities": [
                36,
                25,
                30,
                35,
                40,
                28,
                48,
                33
            ],
            "spaces": [
                1,
                2,
                4,
                5,
                6,
                8
            ],
            "guestTypes": [
                
            ],
            "images": [
                "https://c2c-images-prod.s3.eu-west-1.amazonaws.com/4a0c0e54-320f-4707-80b3-01ca83994d5b.jpeg",
                "https://c2c-images-prod.s3.eu-west-1.amazonaws.com/9a377616-532a-4acb-9f44-e755f7db72dc.jpeg",
                "https://c2c-images-prod.s3.eu-west-1.amazonaws.com/c182e942-8708-42fb-a83d-e2aa3e705ca7.jpeg",
                "https://c2c-images-prod.s3.eu-west-1.amazonaws.com/26e4a164-e6da-40f5-b3d7-2d73427b9f7e.jpeg",
                "https://c2c-images-prod.s3.eu-west-1.amazonaws.com/1849377f-767a-4feb-b7cb-6f1667b06184.jpeg",
                "https://c2c-images-prod.s3.eu-west-1.amazonaws.com/dcc34491-e4bf-4b87-ab3f-cb69563a8fac.jpeg",
                "https://c2c-images-prod.s3.eu-west-1.amazonaws.com/35ce4171-50a3-4907-bffb-375ea5756867.jpeg"
            ],
            "checkInFrom": "14:00:00",
            "checkOutFrom": "04:00:00",
            "checkOutTo": "04:00:00",
            "size": 60,
            "active": true,
            "star": 1,
            "rank": 789,
            "staticRank": 1000,
            "almStatus": "READY",
            "bedRoomCount": 1,
            "bathRoomCount": 1,
            "review": {
                "averageRating": 3.9,
                "summary": {
                    "en": "Very good",
                    "ar": "جيد جدا"
                },
                "reviewCount": 137
            },
            "property": {
                "id": 456,
                "nameAr": "منتجع ريفيرا",
                "nameEn": "Rivera Resort"
            },
            "3DView": true
        },
        {
            "id": 569,
            "nameAr": "شاليه رائع مع منطقة شواء",
            "nameEn": "Amazing Chalet with BBQ Area",
            "priceDetail": {
                "discount": {
                    "source": "markup_discount",
                    "name": "DISCOUNT15",
                    "percentage": "15",
                    "discountBreakdown": [
                        {
                            "source": "markup_discount",
                            "name": "DISCOUNT15",
                            "percentage": "15"
                        }
                    ]
                },
                "hostPreApprovalRequired": false,
                "seasonalPrices": [
                    
                ],
                "dailyPrices": [
                    
                ],
                "currency": "SAR",
                "unitCancellationPolicies": [
                    
                ]
            },
            "thumbnailImageUrl": "https://c2c-images-prod.s3.eu-west-1.amazonaws.com/ed489a5e-f8c2-43fa-aa57-bcffec7f1bff.jpeg",
            "location": {
                "countryCode": "SA",
                "regionId": 1,
                "cityId": 9,
                "areaId": 67,
                "addressEn": "Attia Al Saadi",
                "addressAr": "عطية السعدي",
                "latitude": 24.554120330722846,
                "longitude": 46.619747123536335
            },
            "propertyTypeId": 8,
            "amenities": [
                47,
                28,
                40,
                42,
                25,
                18,
                35,
                16,
                9,
                33,
                19,
                30,
                36,
                48,
                12,
                2
            ],
            "spaces": [
                1,
                2,
                4,
                5,
                6,
                8,
                13,
                14
            ],
            "guestTypes": [
                
            ],
            "images": [
                "https://c2c-images-prod.s3.eu-west-1.amazonaws.com/ed489a5e-f8c2-43fa-aa57-bcffec7f1bff.jpeg",
                "https://c2c-images-prod.s3.eu-west-1.amazonaws.com/5fae7237-b173-41b8-9ac2-d079b0c78c6c.jpeg",
                "https://c2c-images-prod.s3.eu-west-1.amazonaws.com/bc673fac-86e0-409d-8746-97a1a08115e1.jpeg",
                "https://c2c-images-prod.s3.eu-west-1.amazonaws.com/72da0189-ff82-4ba2-82f5-e10ab0891ada.jpeg",
                "https://c2c-images-prod.s3.eu-west-1.amazonaws.com/abfdf12a-fd68-40a2-a145-1cba68e94872.jpeg",
                "https://c2c-images-prod.s3.eu-west-1.amazonaws.com/d5baa62e-ad31-42d9-a279-645ef3c93e9c.jpeg",
                "https://c2c-images-prod.s3.eu-west-1.amazonaws.com/e35150f0-1d6a-4e87-802e-55f984047841.jpeg",
                "https://c2c-images-prod.s3.eu-west-1.amazonaws.com/ed3b31a5-3197-47df-aaec-b71c60518869.jpeg",
                "https://c2c-images-prod.s3.eu-west-1.amazonaws.com/5686502e-6938-46a6-bc5f-77b6072da673.jpeg",
                "https://c2c-images-prod.s3.eu-west-1.amazonaws.com/8e068d95-7f33-4753-883e-2033bf1d8476.jpeg",
                "https://c2c-images-prod.s3.eu-west-1.amazonaws.com/7d51c04b-5072-4434-bf2a-0c1c05b04266.jpeg"
            ],
            "checkInFrom": "13:00:00",
            "checkOutFrom": "02:00:00",
            "checkOutTo": "02:00:00",
            "size": 260,
            "active": true,
            "star": 1,
            "rank": 615,
            "staticRank": 1000,
            "almStatus": "READY",
            "bedRoomCount": 1,
            "bathRoomCount": 2,
            "review": {
                "averageRating": 3.5,
                "summary": {
                    "en": "Good",
                    "ar": "جيد"
                },
                "reviewCount": 279
            },
            "property": {
                "id": 185,
                "nameAr": "منتجع ٨٨",
                "nameEn": "Resort 88"
            },
            "3DView": true
        },
        {
            "id": 1354,
            "nameAr": "شاليه جذاب مع تلفزيون",
            "nameEn": "Attractive Chalet with TV ",
            "priceDetail": {
                "discount": {
                    "source": "markup_discount",
                    "name": "DISCOUNT15",
                    "percentage": "15",
                    "discountBreakdown": [
                        {
                            "source": "markup_discount",
                            "name": "DISCOUNT15",
                            "percentage": "15"
                        }
                    ]
                },
                "hostPreApprovalRequired": false,
                "seasonalPrices": [
                    
                ],
                "dailyPrices": [
                    
                ],
                "currency": "SAR",
                "unitCancellationPolicies": [
                    
                ]
            },
            "thumbnailImageUrl": "https://c2c-images-prod.s3.eu-west-1.amazonaws.com/de9f919c-74f0-4147-aafe-ccb333d47a10.jpeg",
            "location": {
                "countryCode": "SA",
                "regionId": 1,
                "cityId": 9,
                "areaId": 103,
                "addressEn": "Al Manakh",
                "addressAr": "المناخ",
                "latitude": 24.6234840290412,
                "longitude": 46.7940652779218
            },
            "propertyTypeId": 8,
            "amenities": [
                30,
                33,
                25,
                48,
                35,
                36,
                40,
                28
            ],
            "spaces": [
                1,
                2,
                4,
                5,
                6,
                8
            ],
            "guestTypes": [
                
            ],
            "images": [
                "https://c2c-images-prod.s3.eu-west-1.amazonaws.com/de9f919c-74f0-4147-aafe-ccb333d47a10.jpeg",
                "https://c2c-images-prod.s3.eu-west-1.amazonaws.com/9e1a7637-858a-4624-9dcb-f1e6c49b22f9.jpeg",
                "https://c2c-images-prod.s3.eu-west-1.amazonaws.com/f538c109-b4be-4479-94b6-71928c392a53.jpeg",
                "https://c2c-images-prod.s3.eu-west-1.amazonaws.com/ade8a569-184b-4ee6-b11d-c621809cbff5.jpeg",
                "https://c2c-images-prod.s3.eu-west-1.amazonaws.com/59e88068-26c0-4591-b328-6971849ba3da.jpeg",
                "https://c2c-images-prod.s3.eu-west-1.amazonaws.com/f63bb942-2e8f-4c55-b34d-86ca903d584b.jpeg",
                "https://c2c-images-prod.s3.eu-west-1.amazonaws.com/6f972929-0b64-4e58-a4c8-2aacd1a30978.jpeg"
            ],
            "checkInFrom": "14:00:00",
            "checkOutFrom": "04:00:00",
            "checkOutTo": "04:00:00",
            "size": 58,
            "active": true,
            "star": 1,
            "rank": 624,
            "staticRank": 887,
            "almStatus": "READY",
            "bedRoomCount": 1,
            "bathRoomCount": 1,
            "review": {
                "averageRating": 3.9,
                "summary": {
                    "en": "Very good",
                    "ar": "جيد جدا"
                },
                "reviewCount": 137
            },
            "property": {
                "id": 456,
                "nameAr": "منتجع ريفيرا",
                "nameEn": "Rivera Resort"
            },
            "3DView": true
        },
        {
            "id": 1357,
            "nameAr": "شاليه فاتن مع مسبح",
            "nameEn": "Enchanting Chalet with Pool",
            "priceDetail": {
                "discount": {
                    "source": "markup_discount",
                    "name": "DISCOUNT15",
                    "percentage": "15",
                    "discountBreakdown": [
                        {
                            "source": "markup_discount",
                            "name": "DISCOUNT15",
                            "percentage": "15"
                        }
                    ]
                },
                "hostPreApprovalRequired": false,
                "seasonalPrices": [
                    
                ],
                "dailyPrices": [
                    
                ],
                "currency": "SAR",
                "unitCancellationPolicies": [
                    
                ]
            },
            "thumbnailImageUrl": "https://c2c-images-prod.s3.eu-west-1.amazonaws.com/307c64d6-8355-4bc5-b5bc-c47cdb3104f6.jpeg",
            "location": {
                "countryCode": "SA",
                "regionId": 1,
                "cityId": 9,
                "areaId": 103,
                "addressEn": "Al Manakh",
                "addressAr": "المناخ",
                "latitude": 24.6234840290412,
                "longitude": 46.7940652779218
            },
            "propertyTypeId": 8,
            "amenities": [
                30,
                28,
                36,
                40,
                25,
                35,
                48,
                33
            ],
            "spaces": [
                1,
                2,
                4,
                5,
                6,
                8
            ],
            "guestTypes": [
                
            ],
            "images": [
                "https://c2c-images-prod.s3.eu-west-1.amazonaws.com/307c64d6-8355-4bc5-b5bc-c47cdb3104f6.jpeg",
                "https://c2c-images-prod.s3.eu-west-1.amazonaws.com/f0595292-f82e-4e6f-bdc7-e3476c56255f.jpeg",
                "https://c2c-images-prod.s3.eu-west-1.amazonaws.com/49ea0bdf-9f5b-4cca-9376-4d92626e590a.jpeg",
                "https://c2c-images-prod.s3.eu-west-1.amazonaws.com/7a68d5d2-1a8c-4707-9274-02f7a9ef50f6.jpeg",
                "https://c2c-images-prod.s3.eu-west-1.amazonaws.com/b16f6d40-2f4c-43a9-a381-374ab4a5cd12.jpeg",
                "https://c2c-images-prod.s3.eu-west-1.amazonaws.com/7236559f-238d-45f3-8900-3153aff5f74e.jpeg",
                "https://c2c-images-prod.s3.eu-west-1.amazonaws.com/dc6581df-77e1-4fb5-a100-ee9aadf2151c.jpeg"
            ],
            "checkInFrom": "14:00:00",
            "checkOutFrom": "04:00:00",
            "checkOutTo": "04:00:00",
            "size": 58,
            "active": true,
            "star": 1,
            "rank": 341,
            "staticRank": 747,
            "almStatus": "READY",
            "bedRoomCount": 1,
            "bathRoomCount": 1,
            "review": {
                "averageRating": 3.9,
                "summary": {
                    "en": "Very good",
                    "ar": "جيد جدا"
                },
                "reviewCount": 137
            },
            "property": {
                "id": 456,
                "nameAr": "منتجع ريفيرا",
                "nameEn": "Rivera Resort"
            },
            "3DView": true
        },
        {
            "id": 1352,
            "nameAr": "شاليه ساحر مع تلفزيون",
            "nameEn": "Glamorous Chalet with TV",
            "priceDetail": {
                "discount": {
                    "source": "markup_discount",
                    "name": "DISCOUNT15",
                    "percentage": "15",
                    "discountBreakdown": [
                        {
                            "source": "markup_discount",
                            "name": "DISCOUNT15",
                            "percentage": "15"
                        }
                    ]
                },
                "hostPreApprovalRequired": false,
                "seasonalPrices": [
                    
                ],
                "dailyPrices": [
                    
                ],
                "currency": "SAR",
                "unitCancellationPolicies": [
                    
                ]
            },
            "thumbnailImageUrl": "https://c2c-images-prod.s3.eu-west-1.amazonaws.com/9e446c55-82f6-4582-b346-373567144bdf.jpeg",
            "location": {
                "countryCode": "SA",
                "regionId": 1,
                "cityId": 9,
                "areaId": 103,
                "addressEn": "Al Manakh",
                "addressAr": "المناخ",
                "latitude": 24.6234840290412,
                "longitude": 46.7940652779218
            },
            "propertyTypeId": 8,
            "amenities": [
                36,
                33,
                48,
                35,
                25,
                40,
                28,
                30
            ],
            "spaces": [
                1,
                2,
                4,
                5,
                6,
                8
            ],
            "guestTypes": [
                
            ],
            "images": [
                "https://c2c-images-prod.s3.eu-west-1.amazonaws.com/9e446c55-82f6-4582-b346-373567144bdf.jpeg",
                "https://c2c-images-prod.s3.eu-west-1.amazonaws.com/5b95d8e2-f1fe-4281-a03f-221f4b902125.jpeg",
                "https://c2c-images-prod.s3.eu-west-1.amazonaws.com/19fe2c65-564f-407c-a01f-4cbe7d74d606.jpeg",
                "https://c2c-images-prod.s3.eu-west-1.amazonaws.com/8534ba11-2d7a-414b-9277-9a5b1ee9e3ab.jpeg",
                "https://c2c-images-prod.s3.eu-west-1.amazonaws.com/7e1b2386-187d-47f1-a9e7-d53fe7ce2f53.jpeg",
                "https://c2c-images-prod.s3.eu-west-1.amazonaws.com/22af75e2-9861-4d2b-86d7-5be95dc205b0.jpeg",
                "https://c2c-images-prod.s3.eu-west-1.amazonaws.com/97a8f088-b4a3-4652-826d-668a0b40d3ee.jpeg"
            ],
            "checkInFrom": "14:00:00",
            "checkOutFrom": "04:00:00",
            "checkOutTo": "04:00:00",
            "size": 58,
            "active": true,
            "star": 1,
            "rank": 641,
            "staticRank": 739,
            "almStatus": "READY",
            "bedRoomCount": 1,
            "bathRoomCount": 1,
            "review": {
                "averageRating": 3.9,
                "summary": {
                    "en": "Very good",
                    "ar": "جيد جدا"
                },
                "reviewCount": 137
            },
            "property": {
                "id": 456,
                "nameAr": "منتجع ريفيرا",
                "nameEn": "Rivera Resort"
            },
            "3DView": true
        }
    ],
    "filters": {
        "propertyTypes": [
            
        ],
        "guestTypes": [
            
        ],
        "amenities": [
            
        ],
        "spaces": [
            
        ],
        "regions": [
            
        ],
        "cities": [
            
        ],
        "areas": [
            
        ],
        "reviewRating": [
            
        ],
        "priceFilter": {
            
        },
        "sizeFilter": {
            
        },
        "bedCountFilter": {
            
        },
        "bathRoomCountFilter": {
            
        },
        "checkInFromFilter": {
            
        },
        "checkOutToFilter": {
            
        }
    }
}
]]></system-out>
    <system-err><![CDATA[SLF4J: Failed to load class "org.slf4j.impl.StaticLoggerBinder".
SLF4J: Defaulting to no-operation (NOP) logger implementation
SLF4J: See http://www.slf4j.org/codes.html#StaticLoggerBinder for further details.
]]></system-err>
  </testcase>
  <testcase name="testGetCurrencyList" classname="api.test.UserTests_prop" time="0.211">
    <system-out><![CDATA[HTTP/1.1 200 OK
Date: Fri, 21 Jul 2023 19:41:44 GMT
Content-Type: application/json
Content-Length: 811
Connection: keep-alive
X-Real-IP: 66.249.93.40
CF-Ray: 7ea5ec53fd61cde7-AMM
CF-Cache-Status: HIT
Accept-Ranges: bytes
Access-Control-Allow-Origin: www.almosafer.com
Age: 59318
Cache-Control: public, max-age=86400
Content-Encoding: gzip
Expires: Sat, 22 Jul 2023 19:41:44 GMT
Last-Modified: Fri, 21 Jul 2023 02:08:40 GMT
Strict-Transport-Security: max-age=15552000; includeSubDomains; preload
Vary: Accept-Encoding
Access-Control-Allow-Headers: 
Access-Control-Allow-Methods: HEAD, GET, POST, OPTIONS, PUT, DELETE
Content-Security-Policy: upgrade-insecure-requests; base-uri 'self'; object-src 'self'; frame-ancestors https://almosafer.com https://*.almosafer.com https://z2.le.liveperson.net;
Referrer-Policy: no-referrer-when-downgrade
X-Adebug-c-currency: SAR
X-Adebug-c-language: ar
X-Adebug-host: www.almosafer.com
X-Adebug-port: 80
X-Adebug-real-ip: 10.160.123.77
X-Adebug-ruri: /api/system/currency/list
X-Adebug-x-currency: SAR
X-Adebug-x-locale: ar
X-Alimit-rpath: /api/system/currency/list
X-ARuntime: 0.037
X-AServed-By: 10.160.216.254
X-Aus: 127.0.0.1:9002
X-Content-Type-Options: nosniff
x-env-type: prod
X-GeoIP-Country: United States
X-GeoIP-Country-Code: US
X-is-bot-api: 0
x-real-client-ip: 37.220.114.106
X-XSS-Protection: 1; mode=block
Set-Cookie: __cf_bm=WIfSDeRTj6MiTwi19WSEgWw1QlXQvzYVzoUJyxhvOss-1689968504-0-AdJkg2DhhYEQziEKMfVcYZhyPmg5+eocnWiyw++JCR82Rhy2RwC/dGWxZY76mc2PoI3fw5NI0U006dHmCzg3+Lw=; path=/; expires=Fri, 21-Jul-23 20:11:44 GMT; domain=.almosafer.com; HttpOnly; Secure; SameSite=None
Server: cloudflare
alt-svc: h3=":443"; ma=86400

{
    "base": {
        "symbol": "SAR",
        "name": "Saudi Riyal",
        "name_ar": "ريال سعودي",
        "symbol_native": "ر.س.‏",
        "decimal_digits": 2,
        "rounding": 0,
        "code": "SAR",
        "name_plural": "Saudi riyals"
    },
    "equivalent": [
        {
            "symbol": "SAR",
            "name": "Saudi Riyal",
            "name_ar": "ريال سعودي",
            "symbol_native": "ر.س.‏",
            "decimal_digits": 2,
            "rounding": 0,
            "code": "SAR",
            "name_plural": "Saudi riyals",
            "rate": 1,
            "Rate": 1,
            "date": "2023-07-20 08:49:25"
        },
        {
            "symbol": "AED",
            "name": "United Arab Emirates Dirham",
            "name_ar": "درهم اماراتي",
            "symbol_native": "د.إ.‏",
            "decimal_digits": 2,
            "rounding": 0,
            "code": "AED",
            "name_plural": "UAE dirhams",
            "rate": 0.979185,
            "Rate": 0.979185,
            "date": "2023-07-20 08:50:03"
        },
        {
            "symbol": "QAR",
            "name": "Qatari Rial",
            "name_ar": "ريال قطري",
            "symbol_native": "ر.ق.‏",
            "decimal_digits": 2,
            "rounding": 0,
            "code": "QAR",
            "name_plural": "Qatari rials",
            "rate": 0.970654,
            "Rate": 0.970654,
            "date": "2023-07-20 08:51:03"
        },
        {
            "symbol": "KWD",
            "name": "Kuwaiti Dinar",
            "name_ar": "دينار كويتي",
            "symbol_native": "د.ك.‏",
            "decimal_digits": 3,
            "rounding": 0,
            "code": "KWD",
            "name_plural": "Kuwaiti dinars",
            "rate": 0.081741,
            "Rate": 0.081741,
            "date": "2023-07-20 08:50:03"
        },
        {
            "symbol": "BHD",
            "name": "Bahraini Dinar",
            "name_ar": "دينار بحريني",
            "symbol_native": "د.ب.‏",
            "decimal_digits": 3,
            "rounding": 0,
            "code": "BHD",
            "name_plural": "Bahraini dinars",
            "rate": 0.100498,
            "Rate": 0.100498,
            "date": "2023-07-20 08:50:03"
        },
        {
            "symbol": "$",
            "name": "US Dollar",
            "name_ar": "دولار أمريكي",
            "symbol_native": "$",
            "decimal_digits": 2,
            "rounding": 0,
            "code": "USD",
            "name_plural": "US dollars",
            "rate": 0.266589,
            "Rate": 0.266589,
            "date": "2023-07-20 08:51:03"
        },
        {
            "symbol": "€",
            "name": "Euro",
            "name_ar": "يورو",
            "symbol_native": "€",
            "decimal_digits": 2,
            "rounding": 0,
            "code": "EUR",
            "name_plural": "euros",
            "rate": 0.237933,
            "Rate": 0.237933,
            "date": "2023-07-20 08:51:03"
        },
        {
            "symbol": "£",
            "name": "British Pound Sterling",
            "name_ar": "الجنيه الاسترليني",
            "symbol_native": "£",
            "decimal_digits": 2,
            "rounding": 0,
            "code": "GBP",
            "name_plural": "British pounds sterling",
            "rate": 0.206242,
            "Rate": 0.206242,
            "date": "2023-07-20 08:51:03"
        },
        {
            "symbol": "EGP",
            "name": "Egyptian Pound",
            "name_ar": "جنيه مصري",
            "symbol_native": "ج.م.‏",
            "decimal_digits": 2,
            "rounding": 0,
            "code": "EGP",
            "name_plural": "Egyptian pounds",
            "rate": 8.21106,
            "Rate": 8.21106,
            "date": "2023-07-20 09:29:03"
        },
        {
            "symbol": "₹",
            "name": "Indian Rupee",
            "name_ar": "روبية هندية",
            "symbol_native": "₹",
            "decimal_digits": 2,
            "rounding": 0,
            "code": "INR",
            "name_plural": "Indian rupees",
            "rate": 21.867735,
            "Rate": 21.867735,
            "date": "2023-07-20 09:32:03"
        },
        {
            "symbol": "OMR",
            "name": "Omani Rial",
            "name_ar": "ريال عماني",
            "symbol_native": "ر.ع.‏",
            "decimal_digits": 3,
            "rounding": 0,
            "code": "OMR",
            "name_plural": "Omani rials",
            "rate": 0.102629,
            "Rate": 0.102629,
            "date": "2023-07-19 10:16:03"
        }
    ],
    "failed": [
        
    ]
}
]]></system-out>
  </testcase>
</testsuite>